1658670422912	geckodriver	INFO	Listening on 127.0.0.1:54581
1658670425998	mozrunner::runner	INFO	Running command: "C:\\Program Files\\Mozilla Firefox\\firefox.exe" "--marionette" "--remote-debugging-port" "54582" "--remote-allow-hosts" "localhost" "-no-remote" "-profile" "C:\\Users\\Vigne\\AppData\\Local\\Temp\\rust_mozprofileCw5sWZ"
1658670426710	Marionette	INFO	Marionette enabled
1658670426716	Marionette	INFO	Listening on port 54593
WebDriver BiDi listening on ws://localhost:54582
Read port: 54593
1658670426960	RemoteAgent	WARN	TLS certificate errors will be ignored for this session
console.warn: SearchSettings: "get: No settings file exists, new profile?" (new NotFoundError("Could not open the file at C:\\Users\\Vigne\\AppData\\Local\\Temp\\rust_mozprofileCw5sWZ\\search.json.mozlz4", (void 0)))
DevTools listening on ws://localhost:54582/devtools/browser/8588b439-de82-46f8-9354-b046d548660c
console.warn: LoginRecipes: "getRecipes: falling back to a synchronous message for:" "https://opensource-demo.orangehrmlive.com"
console.warn: LoginRecipes: "getRecipes: falling back to a synchronous message for:" "https://opensource-demo.orangehrmlive.com"
JavaScript error: resource://gre/modules/LoginManagerParent.jsm, line 136: TypeError: gRecipeManager is null
JavaScript error: , line 0: NS_ERROR_NOT_AVAILABLE
1:54654
1658670473007	mozrunner::runner	INFO	Running command: "C:\\Program Files\\Mozilla Firefox\\firefox.exe" "--marionette" "--remote-debugging-port" "54655" "--remote-allow-hosts" "localhost" "-no-remote" "-profile" "C:\\Users\\Vigne\\AppData\\Local\\Temp\\rust_mozprofileCi0viz"
1658670473534	Marionette	INFO	Marionette enabled
1658670473541	Marionette	INFO	Listening on port 54665
WebDriver BiDi listening on ws://localhost:54655
Read port: 54665
1658670473807	RemoteAgent	WARN	TLS certificate errors will be ignored for this session
console.warn: SearchSettings: "get: No settings file exists, new profile?" (new NotFoundError("Could not open the file at C:\\Users\\Vigne\\AppData\\Local\\Temp\\rust_mozprofileCi0viz\\search.json.mozlz4", (void 0)))
DevTools listening on ws://localhost:54655/devtools/browser/f8ae5d62-13d0-4f5c-a1dc-74c7682d014c
console.warn: LoginRecipes: "getRecipes: falling back to a synchronous message for:" "https://opensource-demo.orangehrmlive.com"
console.warn: LoginRecipes: "getRecipes: falling back to a synchronous message for:" "https://opensource-demo.orangehrmlive.com"
JavaScript error: resource://gre/modules/LoginManagerParent.jsm, line 136: TypeError: gRecipeManager is null
JavaScript error: , line 0: NS_ERROR_NOT_AVAILABLE
1:54916
1658670845416	mozrunner::runner	INFO	Running command: "C:\\Program Files\\Mozilla Firefox\\firefox.exe" "--marionette" "--remote-debugging-port" "54917" "--remote-allow-hosts" "localhost" "-no-remote" "-profile" "C:\\Users\\Vigne\\AppData\\Local\\Temp\\rust_mozprofilessutJD"
1658670845939	Marionette	INFO	Marionette enabled
1658670845954	Marionette	INFO	Listening on port 54928
WebDriver BiDi listening on ws://localhost:54917
Read port: 54928
1658670846246	RemoteAgent	WARN	TLS certificate errors will be ignored for this session
console.warn: SearchSettings: "get: No settings file exists, new profile?" (new NotFoundError("Could not open the file at C:\\Users\\Vigne\\AppData\\Local\\Temp\\rust_mozprofilessutJD\\search.json.mozlz4", (void 0)))
DevTools listening on ws://localhost:54917/devtools/browser/52f33ec2-8c51-44ec-8c19-8067cc56e6ac
console.warn: LoginRecipes: "getRecipes: falling back to a synchronous message for:" "https://opensource-demo.orangehrmlive.com"
console.warn: LoginRecipes: "getRecipes: falling back to a synchronous message for:" "https://opensource-demo.orangehrmlive.com"
JavaScript error: resource://gre/modules/LoginManagerParent.jsm, line 136: TypeError: gRecipeManager is null
1658670887674	geckodriver	INFO	Listening on 127.0.0.1:55006
1658670890751	mozrunner::runner	INFO	Running command: "C:\\Program Files\\Mozilla Firefox\\firefox.exe" "--marionette" "--remote-debugging-port" "55007" "--remote-allow-hosts" "localhost" "-no-remote" "-profile" "C:\\Users\\Vigne\\AppData\\Local\\Temp\\rust_mozprofilezPjqSY"
1658670891237	Marionette	INFO	Marionette enabled
1658670891245	Marionette	INFO	Listening on port 55018
WebDriver BiDi listening on ws://localhost:55007
Read port: 55018
1658670891526	RemoteAgent	WARN	TLS certificate errors will be ignored for this session
console.warn: SearchSettings: "get: No settings file exists, new profile?" (new NotFoundError("Could not open the file at C:\\Users\\Vigne\\AppData\\Local\\Temp\\rust_mozprofilezPjqSY\\search.json.mozlz4", (void 0)))
DevTools listening on ws://localhost:55007/devtools/browser/b62f926f-1547-48b1-9732-48651df78c06
console.warn: LoginRecipes: "getRecipes: falling back to a synchronous message for:" "https://opensource-demo.orangehrmlive.com"
console.warn: LoginRecipes: "getRecipes: falling back to a synchronous message for:" "https://opensource-demo.orangehrmlive.com"
JavaScript error: resource://gre/modules/LoginManagerParent.jsm, line 136: TypeError: gRecipeManager is null
1658670903900	Marionette	WARN	TimedPromise timed out after 500 ms: stacktrace:
TimedPromise/<@chrome://remote/content/marionette/sync.js:234:19
TimedPromise@chrome://remote/content/marionette/sync.js:219:10
interaction.flushEventLoop@chrome://remote/content/marionette/interaction.js:431:10
webdriverClickElement@chrome://remote/content/marionette/interaction.js:179:31
1658670924223	geckodriver	INFO	Listening on 127.0.0.1:55078
1658670927264	mozrunner::runner	INFO	Running command: "C:\\Program Files\\Mozilla Firefox\\firefox.exe" "--marionette" "--remote-debugging-port" "55079" "--remote-allow-hosts" "localhost" "-no-remote" "-profile" "C:\\Users\\Vigne\\AppData\\Local\\Temp\\rust_mozprofileb0u20M"
1658670927738	Marionette	INFO	Marionette enabled
1658670927744	Marionette	INFO	Listening on port 55090
WebDriver BiDi listening on ws://localhost:55079
Read port: 55090
1658670928006	RemoteAgent	WARN	TLS certificate errors will be ignored for this session
console.warn: SearchSettings: "get: No settings file exists, new profile?" (new NotFoundError("Could not open the file at C:\\Users\\Vigne\\AppData\\Local\\Temp\\rust_mozprofileb0u20M\\search.json.mozlz4", (void 0)))
DevTools listening on ws://localhost:55079/devtools/browser/76b85196-1c9f-4a95-bd54-a33a7ec232cc
console.warn: LoginRecipes: "getRecipes: falling back to a synchronous message for:" "https://opensource-demo.orangehrmlive.com"
console.warn: LoginRecipes: "getRecipes: falling back to a synchronous message for:" "https://opensource-demo.orangehrmlive.com"
JavaScript error: resource://gre/modules/LoginManagerParent.jsm, line 136: TypeError: gRecipeManager is null
1658671064783	geckodriver	INFO	Listening on 127.0.0.1:55208
1658671067857	mozrunner::runner	INFO	Running command: "C:\\Program Files\\Mozilla Firefox\\firefox.exe" "--marionette" "--remote-debugging-port" "55209" "--remote-allow-hosts" "localhost" "-no-remote" "-profile" "C:\\Users\\Vigne\\AppData\\Local\\Temp\\rust_mozprofileeGUAZ1"
1658671068379	Marionette	INFO	Marionette enabled
1658671068389	Marionette	INFO	Listening on port 55220
WebDriver BiDi listening on ws://localhost:55209
Read port: 55220
1658671068692	RemoteAgent	WARN	TLS certificate errors will be ignored for this session
console.warn: SearchSettings: "get: No settings file exists, new profile?" (new NotFoundError("Could not open the file at C:\\Users\\Vigne\\AppData\\Local\\Temp\\rust_mozprofileeGUAZ1\\search.json.mozlz4", (void 0)))
DevTools listening on ws://localhost:55209/devtools/browser/22af4fe5-f430-4586-abc4-3a2cdc6d46c2
console.warn: LoginRecipes: "getRecipes: falling back to a synchronous message for:" "https://opensource-demo.orangehrmlive.com"
console.warn: LoginRecipes: "getRecipes: falling back to a synchronous message for:" "https://opensource-demo.orangehrmlive.com"
JavaScript error: resource://gre/modules/LoginManagerParent.jsm, line 136: TypeError: gRecipeManager is null
1658671098202	geckodriver	INFO	Listening on 127.0.0.1:55273
1658671101269	mozrunner::runner	INFO	Running command: "C:\\Program Files\\Mozilla Firefox\\firefox.exe" "--marionette" "--remote-debugging-port" "55274" "--remote-allow-hosts" "localhost" "-no-remote" "-profile" "C:\\Users\\Vigne\\AppData\\Local\\Temp\\rust_mozprofileKGStwL"
1658671101784	Marionette	INFO	Marionette enabled
1658671101793	Marionette	INFO	Listening on port 55285
WebDriver BiDi listening on ws://localhost:55274
Read port: 55285
1658671102048	RemoteAgent	WARN	TLS certificate errors will be ignored for this session
console.warn: SearchSettings: "get: No settings file exists, new profile?" (new NotFoundError("Could not open the file at C:\\Users\\Vigne\\AppData\\Local\\Temp\\rust_mozprofileKGStwL\\search.json.mozlz4", (void 0)))
JavaScript error: resource:///modules/UrlbarInput.jsm, line 3051: TypeError: event.target.closest is not a function
DevTools listening on ws://localhost:55274/devtools/browser/5215b088-18d1-4600-aa1e-381eca0dd25e
console.warn: LoginRecipes: "getRecipes: falling back to a synchronous message for:" "https://opensource-demo.orangehrmlive.com"
console.warn: LoginRecipes: "getRecipes: falling back to a synchronous message for:" "https://opensource-demo.orangehrmlive.com"
JavaScript error: resource://gre/modules/LoginManagerParent.jsm, line 136: TypeError: gRecipeManager is null
1658671312528	geckodriver	INFO	Listening on 127.0.0.1:55463
1658671315608	mozrunner::runner	INFO	Running command: "C:\\Program Files\\Mozilla Firefox\\firefox.exe" "--marionette" "--remote-debugging-port" "55464" "--remote-allow-hosts" "localhost" "-no-remote" "-profile" "C:\\Users\\Vigne\\AppData\\Local\\Temp\\rust_mozprofilegmKkiw"
1658671316306	Marionette	INFO	Marionette enabled
1658671316320	Marionette	INFO	Listening on port 55475
WebDriver BiDi listening on ws://localhost:55464
Read port: 55475
1658671316628	RemoteAgent	WARN	TLS certificate errors will be ignored for this session
console.warn: SearchSettings: "get: No settings file exists, new profile?" (new NotFoundError("Could not open the file at C:\\Users\\Vigne\\AppData\\Local\\Temp\\rust_mozprofilegmKkiw\\search.json.mozlz4", (void 0)))
DevTools listening on ws://localhost:55464/devtools/browser/7759eeb6-d5bd-4522-8966-248742502bea
console.warn: LoginRecipes: "getRecipes: falling back to a synchronous message for:" "https://opensource-demo.orangehrmlive.com"
console.warn: LoginRecipes: "getRecipes: falling back to a synchronous message for:" "https://opensource-demo.orangehrmlive.com"
JavaScript error: resource://gre/modules/LoginManagerParent.jsm, line 136: TypeError: gRecipeManager is null
1658671323962	Marionette	WARN	TimedPromise timed out after 500 ms: stacktrace:
TimedPromise/<@chrome://remote/content/marionette/sync.js:234:19
TimedPromise@chrome://remote/content/marionette/sync.js:219:10
interaction.flushEventLoop@chrome://remote/content/marionette/interaction.js:431:10
webdriverClickElement@chrome://remote/content/marionette/interaction.js:179:31
1658671329694	Marionette	WARN	TimedPromise timed out after 500 ms: stacktrace:
TimedPromise/<@chrome://remote/content/marionette/sync.js:234:19
TimedPromise@chrome://remote/content/marionette/sync.js:219:10
interaction.flushEventLoop@chrome://remote/content/marionette/interaction.js:431:10
webdriverClickElement@chrome://remote/content/marionette/interaction.js:179:31
1658671573228	geckodriver	INFO	Listening on 127.0.0.1:55650
1658671576288	mozrunner::runner	INFO	Running command: "C:\\Program Files\\Mozilla Firefox\\firefox.exe" "--marionette" "--remote-debugging-port" "55651" "--remote-allow-hosts" "localhost" "-no-remote" "-profile" "C:\\Users\\Vigne\\AppData\\Local\\Temp\\rust_mozprofile8ADqgV"
1658671576822	Marionette	INFO	Marionette enabled
1658671576830	Marionette	INFO	Listening on port 55662
WebDriver BiDi listening on ws://localhost:55651
Read port: 55662
1658671577142	RemoteAgent	WARN	TLS certificate errors will be ignored for this session
console.warn: SearchSettings: "get: No settings file exists, new profile?" (new NotFoundError("Could not open the file at C:\\Users\\Vigne\\AppData\\Local\\Temp\\rust_mozprofile8ADqgV\\search.json.mozlz4", (void 0)))
DevTools listening on ws://localhost:55651/devtools/browser/c0c2ba20-5bd9-43f3-a87f-03ccb2c7e19b
console.warn: LoginRecipes: "getRecipes: falling back to a synchronous message for:" "https://opensource-demo.orangehrmlive.com"
console.warn: LoginRecipes: "getRecipes: falling back to a synchronous message for:" "https://opensource-demo.orangehrmlive.com"
JavaScript error: resource://gre/modules/LoginManagerParent.jsm, line 136: TypeError: gRecipeManager is null
JavaScript error: , line 0: NS_ERROR_NOT_AVAILABLE
1658679415177	Marionette	INFO	Stopped listening on port 55662
!!! error running onStopped callback: TypeError: callback is not a function
ugging-port" "55721" "--remote-allow-hosts" "localhost" "-no-remote" "-profile" "C:\\Users\\Vigne\\AppData\\Local\\Temp\\rust_mozprofileidPfnq"
1658671619315	Marionette	INFO	Marionette enabled
1658671619324	Marionette	INFO	Listening on port 55732
WebDriver BiDi listening on ws://localhost:55721
Read port: 55732
1658671619583	RemoteAgent	WARN	TLS certificate errors will be ignored for this session
console.warn: SearchSettings: "get: No settings file exists, new profile?" (new NotFoundError("Could not open the file at C:\\Users\\Vigne\\AppData\\Local\\Temp\\rust_mozprofileidPfnq\\search.json.mozlz4", (void 0)))
DevTools listening on ws://localhost:55721/devtools/browser/223b5e5a-e3b1-4ab2-8413-86bb4c4d1e82
console.warn: LoginRecipes: "getRecipes: falling back to a synchronous message for:" "https://opensource-demo.orangehrmlive.com"
console.warn: LoginRecipes: "getRecipes: falling back to a synchronous message for:" "https://opensource-demo.orangehrmlive.com"
JavaScript error: resource://gre/modules/LoginManagerParent.jsm, line 136: TypeError: gRecipeManager is null
JavaScript error: , line 0: NS_ERROR_NOT_AVAILABLE
1658679415331	Marionette	INFO	Stopped listening on port 55732
C:\\Program Files\\Mozilla Firefox\\firefox.exe" "--marionette" "--remote-debugging-port" "55992" "--remote-allow-hosts" "localhost" "-no-remote" "-profile" "C:\\Users\\Vigne\\AppData\\Local\\Temp\\rust_mozprofilesw28iz"
1658672061641	Marionette	INFO	Marionette enabled
1658672061648	Marionette	INFO	Listening on port 56004
WebDriver BiDi listening on ws://localhost:55992
Read port: 56004
1658672061936	RemoteAgent	WARN	TLS certificate errors will be ignored for this session
console.warn: SearchSettings: "get: No settings file exists, new profile?" (new NotFoundError("Could not open the file at C:\\Users\\Vigne\\AppData\\Local\\Temp\\rust_mozprofilesw28iz\\search.json.mozlz4", (void 0)))
DevTools listening on ws://localhost:55992/devtools/browser/bf59c1d0-4b45-4006-8c72-8bb9a30ad25f
console.warn: LoginRecipes: "getRecipes: falling back to a synchronous message for:" "https://opensource-demo.orangehrmlive.com"
console.warn: LoginRecipes: "getRecipes: falling back to a synchronous message for:" "https://opensource-demo.orangehrmlive.com"
JavaScript error: resource://gre/modules/LoginManagerParent.jsm, line 136: TypeError: gRecipeManager is null
1658672069356	Marionette	WARN	TimedPromise timed out after 500 ms: stacktrace:
TimedPromise/<@chrome://remote/content/marionette/sync.js:234:19
TimedPromise@chrome://remote/content/marionette/sync.js:219:10
interaction.flushEventLoop@chrome://remote/content/marionette/interaction.js:431:10
webdriverClickElement@chrome://remote/content/marionette/interaction.js:179:31
1658672075187	Marionette	WARN	TimedPromise timed out after 500 ms: stacktrace:
TimedPromise/<@chrome://remote/content/marionette/sync.js:234:19
TimedPromise@chrome://remote/content/marionette/sync.js:219:10
interaction.flushEventLoop@chrome://remote/content/marionette/interaction.js:431:10
webdriverClickElement@chrome://remote/content/marionette/interaction.js:179:31
JavaScript error: , line 0: NS_ERROR_NOT_AVAILABLE
1658679415090	Marionette	INFO	Stopped listening on port 56004
C:\\Program Files\\Mozilla Firefox\\firefox.exe" "--marionette" "--remote-debugging-port" "56147" "--remote-allow-hosts" "localhost" "-no-remote" "-profile" "C:\\Users\\Vigne\\AppData\\Local\\Temp\\rust_mozprofileTVncwH"
1658672271958	Marionette	INFO	Marionette enabled
1658672271965	Marionette	INFO	Listening on port 56158
WebDriver BiDi listening on ws://localhost:56147
Read port: 56158
1658672272239	RemoteAgent	WARN	TLS certificate errors will be ignored for this session
console.warn: SearchSettings: "get: No settings file exists, new profile?" (new NotFoundError("Could not open the file at C:\\Users\\Vigne\\AppData\\Local\\Temp\\rust_mozprofileTVncwH\\search.json.mozlz4", (void 0)))
DevTools listening on ws://localhost:56147/devtools/browser/edac1822-1cbe-4013-a9f3-08511ae2137d
console.warn: LoginRecipes: "getRecipes: falling back to a synchronous message for:" "https://opensource-demo.orangehrmlive.com"
console.warn: LoginRecipes: "getRecipes: falling back to a synchronous message for:" "https://opensource-demo.orangehrmlive.com"
JavaScript error: resource://gre/modules/LoginManagerParent.jsm, line 136: TypeError: gRecipeManager is null
JavaScript error: , line 0: NS_ERROR_NOT_AVAILABLE
1658679415118	Marionette	INFO	Stopped listening on port 56158
C:\\Program Files\\Mozilla Firefox\\firefox.exe" "--marionette" "--remote-debugging-port" "56233" "--remote-allow-hosts" "localhost" "-no-remote" "-profile" "C:\\Users\\Vigne\\AppData\\Local\\Temp\\rust_mozprofileyxTDGU"
1658672345392	Marionette	INFO	Marionette enabled
1658672345399	Marionette	INFO	Listening on port 56244
WebDriver BiDi listening on ws://localhost:56233
Read port: 56244
1658672345645	RemoteAgent	WARN	TLS certificate errors will be ignored for this session
console.warn: SearchSettings: "get: No settings file exists, new profile?" (new NotFoundError("Could not open the file at C:\\Users\\Vigne\\AppData\\Local\\Temp\\rust_mozprofileyxTDGU\\search.json.mozlz4", (void 0)))
DevTools listening on ws://localhost:56233/devtools/browser/3b45cf46-1cf9-428f-82bf-e0589d4b2c04
console.warn: LoginRecipes: "getRecipes: falling back to a synchronous message for:" "https://opensource-demo.orangehrmlive.com"
console.warn: LoginRecipes: "getRecipes: falling back to a synchronous message for:" "https://opensource-demo.orangehrmlive.com"
JavaScript error: resource://gre/modules/LoginManagerParent.jsm, line 136: TypeError: gRecipeManager is null
JavaScript error: , line 0: NS_ERROR_NOT_AVAILABLE
1658679415267	Marionette	INFO	Stopped listening on port 56244
!!! error running onStopped callback: TypeError: callback is not a function
ugging-port" "56366" "--remote-allow-hosts" "localhost" "-no-remote" "-profile" "C:\\Users\\Vigne\\AppData\\Local\\Temp\\rust_mozprofileF0FqHM"
1658672474027	Marionette	INFO	Marionette enabled
1658672474034	Marionette	INFO	Listening on port 56377
WebDriver BiDi listening on ws://localhost:56366
Read port: 56377
1658672474269	RemoteAgent	WARN	TLS certificate errors will be ignored for this session
console.warn: SearchSettings: "get: No settings file exists, new profile?" (new NotFoundError("Could not open the file at C:\\Users\\Vigne\\AppData\\Local\\Temp\\rust_mozprofileF0FqHM\\search.json.mozlz4", (void 0)))
DevTools listening on ws://localhost:56366/devtools/browser/ea124c12-fa1d-41b8-8eda-02645b2b128b
console.warn: LoginRecipes: "getRecipes: falling back to a synchronous message for:" "https://opensource-demo.orangehrmlive.com"
console.warn: LoginRecipes: "getRecipes: falling back to a synchronous message for:" "https://opensource-demo.orangehrmlive.com"
JavaScript error: resource://gre/modules/LoginManagerParent.jsm, line 136: TypeError: gRecipeManager is null
console.warn: LoginRecipes: "getRecipes: falling back to a synchronous message for:" "https://opensource-demo.orangehrmlive.com"
JavaScript error: resource://gre/modules/LoginManagerParent.jsm, line 136: TypeError: gRecipeManager is null
console.warn: LoginRecipes: "getRecipes: falling back to a synchronous message for:" "https://opensource-demo.orangehrmlive.com"
JavaScript error: resource://gre/modules/LoginManagerParent.jsm, line 136: TypeError: gRecipeManager is null
console.warn: LoginRecipes: "getRecipes: falling back to a synchronous message for:" "https://opensource-demo.orangehrmlive.com"
JavaScript error: resource://gre/modules/LoginManagerParent.jsm, line 136: TypeError: gRecipeManager is null
JavaScript error: , line 0: NS_ERROR_NOT_AVAILABLE
1658679415144	Marionette	INFO	Stopped listening on port 56377
!!! error running onStopped callback: TypeError: callback is not a function
[Parent 8896, IPC I/O Parent] WARNING: file /builds/worker/checkouts/gecko/ipc/chromium/src/base/process_util_win.cc:167
ust_mozprofileDn3FTP"
1658672637288	Marionette	INFO	Marionette enabled
1658672637301	Marionette	INFO	Listening on port 56515
WebDriver BiDi listening on ws://localhost:56504
Read port: 56515
1658672637662	RemoteAgent	WARN	TLS certificate errors will be ignored for this session
console.warn: SearchSettings: "get: No settings file exists, new profile?" (new NotFoundError("Could not open the file at C:\\Users\\Vigne\\AppData\\Local\\Temp\\rust_mozprofileDn3FTP\\search.json.mozlz4", (void 0)))
DevTools listening on ws://localhost:56504/devtools/browser/30da6bee-fcad-42a6-a267-cacb6210a044
console.warn: LoginRecipes: "getRecipes: falling back to a synchronous message for:" "https://opensource-demo.orangehrmlive.com"
console.warn: LoginRecipes: "getRecipes: falling back to a synchronous message for:" "https://opensource-demo.orangehrmlive.com"
JavaScript error: resource://gre/modules/LoginManagerParent.jsm, line 136: TypeError: gRecipeManager is null
1658672652117	Marionette	WARN	TimedPromise timed out after 500 ms: stacktrace:
TimedPromise/<@chrome://remote/content/marionette/sync.js:234:19
TimedPromise@chrome://remote/content/marionette/sync.js:219:10
interaction.flushEventLoop@chrome://remote/content/marionette/interaction.js:431:10
webdriverClickElement@chrome://remote/content/marionette/interaction.js:179:31
JavaScript error: , line 0: NS_ERROR_NOT_AVAILABLE
1658679415296	Marionette	INFO	Stopped listening on port 56515
[Parent 20864, IPC I/O Parent] WARNING: file /builds/worker/checkouts/gecko/ipc/chromium/src/base/process_util_win.cc:167
