1657979418730	geckodriver	INFO	Listening on 127.0.0.1:52042
1657979421804	mozrunner::runner	INFO	Running command: "C:\\Program Files\\Mozilla Firefox\\firefox.exe" "--marionette" "--remote-debugging-port" "52043" "--remote-allow-hosts" "localhost" "-no-remote" "-profile" "C:\\Users\\Vigne\\AppData\\Local\\Temp\\rust_mozprofileouADkv"
1657979422336	Marionette	INFO	Marionette enabled
1657979422343	Marionette	INFO	Listening on port 52057
WebDriver BiDi listening on ws://localhost:52043
Read port: 52057
1657979422842	RemoteAgent	WARN	TLS certificate errors will be ignored for this session
console.warn: SearchSettings: "get: No settings file exists, new profile?" (new NotFoundError("Could not open the file at C:\\Users\\Vigne\\AppData\\Local\\Temp\\rust_mozprofileouADkv\\search.json.mozlz4", (void 0)))
DevTools listening on ws://localhost:52043/devtools/browser/81fe0b44-6a60-4f25-bd0f-8d595c0669e1
console.warn: LoginRecipes: "getRecipes: falling back to a synchronous message for:" "https://opensource-demo.orangehrmlive.com"
console.warn: LoginRecipes: "getRecipes: falling back to a synchronous message for:" "https://opensource-demo.orangehrmlive.com"
JavaScript error: resource://gre/modules/LoginManagerParent.jsm, line 136: TypeError: gRecipeManager is null
JavaScript error: , line 0: NS_ERROR_NOT_AVAILABLE
JavaScript error: resource://gre/modules/AsyncShutdown.jsm, line 575: NotFoundError: No such JSWindowActor 'DevToolsFrame'
1657981162134	Marionette	INFO	Stopped listening on port 52057
[Parent 276, IPC I/O Parent] WARNING: file /builds/worker/checkouts/gecko/ipc/chromium/src/base/process_util_win.cc:167
	INFO	Marionette enabled
1657979770793	Marionette	INFO	Listening on port 52288
WebDriver BiDi listening on ws://localhost:52277
Read port: 52288
1657979770983	RemoteAgent	WARN	TLS certificate errors will be ignored for this session
console.warn: SearchSettings: "get: No settings file exists, new profile?" (new NotFoundError("Could not open the file at C:\\Users\\Vigne\\AppData\\Local\\Temp\\rust_mozprofileC11DjD\\search.json.mozlz4", (void 0)))
DevTools listening on ws://localhost:52277/devtools/browser/49c7b271-ae66-405e-9359-65b203253f3a
console.warn: LoginRecipes: "getRecipes: falling back to a synchronous message for:" "https://opensource-demo.orangehrmlive.com"
console.warn: LoginRecipes: "getRecipes: falling back to a synchronous message for:" "https://opensource-demo.orangehrmlive.com"
JavaScript error: resource://gre/modules/LoginManagerParent.jsm, line 136: TypeError: gRecipeManager is null
JavaScript error: resource://gre/modules/AsyncShutdown.jsm, line 575: NotFoundError: No such JSWindowActor 'DevToolsFrame'
1657979917561	Marionette	INFO	Stopped listening on port 52288
1657980003682	geckodriver	INFO	Listening on 127.0.0.1:52460
1657980006761	mozrunner::runner	INFO	Running command: "C:\\Program Files\\Mozilla Firefox\\firefox.exe" "--marionette" "--remote-debugging-port" "52461" "--remote-allow-hosts" "localhost" "-no-remote" "-profile" "C:\\Users\\Vigne\\AppData\\Local\\Temp\\rust_mozprofileaBouyZ"
1657980007128	Marionette	INFO	Marionette enabled
1657980007134	Marionette	INFO	Listening on port 52472
WebDriver BiDi listening on ws://localhost:52461
Read port: 52472
1657980007324	RemoteAgent	WARN	TLS certificate errors will be ignored for this session
console.warn: SearchSettings: "get: No settings file exists, new profile?" (new NotFoundError("Could not open the file at C:\\Users\\Vigne\\AppData\\Local\\Temp\\rust_mozprofileaBouyZ\\search.json.mozlz4", (void 0)))
DevTools listening on ws://localhost:52461/devtools/browser/20411628-3fbc-4f62-966b-5b75d6b974d3
console.warn: LoginRecipes: "getRecipes: falling back to a synchronous message for:" "https://opensource-demo.orangehrmlive.com"
console.warn: LoginRecipes: "getRecipes: falling back to a synchronous message for:" "https://opensource-demo.orangehrmlive.com"
JavaScript error: resource://gre/modules/LoginManagerParent.jsm, line 136: TypeError: gRecipeManager is null
1657980519603	Marionette	INFO	Stopped listening on port 52472
console.warn: TopSitesFeed: Failed to fetch data from Contile server: NetworkError when attempting to fetch resource.
remote-debugging-port" "52560" "--remote-allow-hosts" "localhost" "-no-remote" "-profile" "C:\\Users\\Vigne\\AppData\\Local\\Temp\\rust_mozprofilep0KcUw"
1657980079258	Marionette	INFO	Marionette enabled
1657980079264	Marionette	INFO	Listening on port 52571
WebDriver BiDi listening on ws://localhost:52560
Read port: 52571
1657980079458	RemoteAgent	WARN	TLS certificate errors will be ignored for this session
console.warn: SearchSettings: "get: No settings file exists, new profile?" (new NotFoundError("Could not open the file at C:\\Users\\Vigne\\AppData\\Local\\Temp\\rust_mozprofilep0KcUw\\search.json.mozlz4", (void 0)))
DevTools listening on ws://localhost:52560/devtools/browser/67ddf6f8-48f6-4cee-bf19-a46f632aafda
console.warn: LoginRecipes: "getRecipes: falling back to a synchronous message for:" "https://opensource-demo.orangehrmlive.com"
console.warn: LoginRecipes: "getRecipes: falling back to a synchronous message for:" "https://opensource-demo.orangehrmlive.com"
JavaScript error: resource://gre/modules/LoginManagerParent.jsm, line 136: TypeError: gRecipeManager is null
1657980518224	Marionette	INFO	Stopped listening on port 52571
console.warn: TopSitesFeed: Failed to fetch data from Contile server: NetworkError when attempting to fetch resource.
remote-debugging-port" "52736" "--remote-allow-hosts" "localhost" "-no-remote" "-profile" "C:\\Users\\Vigne\\AppData\\Local\\Temp\\rust_mozprofileXwIHOP"
1657980295957	Marionette	INFO	Marionette enabled
1657980295963	Marionette	INFO	Listening on port 52746
WebDriver BiDi listening on ws://localhost:52736
Read port: 52746
1657980296156	RemoteAgent	WARN	TLS certificate errors will be ignored for this session
console.warn: SearchSettings: "get: No settings file exists, new profile?" (new NotFoundError("Could not open the file at C:\\Users\\Vigne\\AppData\\Local\\Temp\\rust_mozprofileXwIHOP\\search.json.mozlz4", (void 0)))
DevTools listening on ws://localhost:52736/devtools/browser/5109eb75-cdaf-48d8-8fa8-da353aca1cf5
console.warn: LoginRecipes: "getRecipes: falling back to a synchronous message for:" "https://opensource-demo.orangehrmlive.com"
console.warn: LoginRecipes: "getRecipes: falling back to a synchronous message for:" "https://opensource-demo.orangehrmlive.com"
JavaScript error: resource://gre/modules/LoginManagerParent.jsm, line 136: TypeError: gRecipeManager is null
1657980516100	Marionette	INFO	Stopped listening on port 52746
console.warn: TopSitesFeed: Failed to fetch data from Contile server: NetworkError when attempting to fetch resource.
remote-debugging-port" "52829" "--remote-allow-hosts" "localhost" "-no-remote" "-profile" "C:\\Users\\Vigne\\AppData\\Local\\Temp\\rust_mozprofileFItXjs"
1657980362732	Marionette	INFO	Marionette enabled
1657980362737	Marionette	INFO	Listening on port 52839
WebDriver BiDi listening on ws://localhost:52829
Read port: 52839
1657980362923	RemoteAgent	WARN	TLS certificate errors will be ignored for this session
console.warn: SearchSettings: "get: No settings file exists, new profile?" (new NotFoundError("Could not open the file at C:\\Users\\Vigne\\AppData\\Local\\Temp\\rust_mozprofileFItXjs\\search.json.mozlz4", (void 0)))
DevTools listening on ws://localhost:52829/devtools/browser/3920e3fc-af5e-4043-bf67-607c5e991a7c
console.warn: LoginRecipes: "getRecipes: falling back to a synchronous message for:" "https://opensource-demo.orangehrmlive.com"
console.warn: LoginRecipes: "getRecipes: falling back to a synchronous message for:" "https://opensource-demo.orangehrmlive.com"
JavaScript error: resource://gre/modules/LoginManagerParent.jsm, line 136: TypeError: gRecipeManager is null
1657980514578	Marionette	INFO	Stopped listening on port 52839
console.warn: TopSitesFeed: Failed to fetch data from Contile server: NetworkError when attempting to fetch resource.
[Parent 14280, IPC I/O Parent] WARNING: file /builds/worker/checkouts/gecko/ipc/chromium/src/base/process_util_win.cc:167
1657980954827	geckodriver	INFO	Listening on 127.0.0.1:53253
1657980957887	mozrunner::runner	INFO	Running command: "C:\\Program Files\\Mozilla Firefox\\firefox.exe" "--marionette" "--remote-debugging-port" "53254" "--remote-allow-hosts" "localhost" "-no-remote" "-profile" "C:\\Users\\Vigne\\AppData\\Local\\Temp\\rust_mozprofileH9FgKt"
1657980958256	Marionette	INFO	Marionette enabled
1657980958262	Marionette	INFO	Listening on port 53265
WebDriver BiDi listening on ws://localhost:53254
Read port: 53265
1657980958457	RemoteAgent	WARN	TLS certificate errors will be ignored for this session
console.warn: SearchSettings: "get: No settings file exists, new profile?" (new NotFoundError("Could not open the file at C:\\Users\\Vigne\\AppData\\Local\\Temp\\rust_mozprofileH9FgKt\\search.json.mozlz4", (void 0)))
DevTools listening on ws://localhost:53254/devtools/browser/43b69d1a-d343-4a69-96ac-9c432158cf49
JavaScript warning: https://www.redbus.in/javascripts/layout.f6dadaeaadf3557ee5aa.bundle.js?root=rbus, line 1: WEBGL_debug_renderer_info is deprecated in Firefox and will be removed. Please use RENDERER.
JavaScript warning: https://www.redbus.in/javascripts/layout.f6dadaeaadf3557ee5aa.bundle.js?root=rbus, line 1: WEBGL_debug_renderer_info is deprecated in Firefox and will be removed. Please use RENDERER.
JavaScript error: https://cdn-jp.gsecondscreen.com/static/ta.min.js, line 1: TypeError: p.onevent is undefined
JavaScript error: , line 0: NS_ERROR_NOT_AVAILABLE
1657982121946	Marionette	INFO	Stopped listening on port 53265
console.warn: TopSitesFeed: Failed to fetch data from Contile server: NetworkError when attempting to fetch resource.
" "localhost" "-no-remote" "-profile" "C:\\Users\\Vigne\\AppData\\Local\\Temp\\rust_mozprofileTLVIE4"
1657981082342	Marionette	INFO	Marionette enabled
1657981082348	Marionette	INFO	Listening on port 53417
WebDriver BiDi listening on ws://localhost:53406
Read port: 53417
1657981082536	RemoteAgent	WARN	TLS certificate errors will be ignored for this session
console.warn: SearchSettings: "get: No settings file exists, new profile?" (new NotFoundError("Could not open the file at C:\\Users\\Vigne\\AppData\\Local\\Temp\\rust_mozprofileTLVIE4\\search.json.mozlz4", (void 0)))
DevTools listening on ws://localhost:53406/devtools/browser/5402064b-943c-465e-a981-0f66e8915339
JavaScript warning: https://www.redbus.in/javascripts/layout.f6dadaeaadf3557ee5aa.bundle.js?root=rbus, line 1: WEBGL_debug_renderer_info is deprecated in Firefox and will be removed. Please use RENDERER.
JavaScript warning: https://www.redbus.in/javascripts/layout.f6dadaeaadf3557ee5aa.bundle.js?root=rbus, line 1: WEBGL_debug_renderer_info is deprecated in Firefox and will be removed. Please use RENDERER.
JavaScript error: https://cdn-jp.gsecondscreen.com/static/ta.min.js, line 1: TypeError: p.onevent is undefined
JavaScript error: , line 0: NS_ERROR_NOT_AVAILABLE
1657982120543	Marionette	INFO	Stopped listening on port 53417
console.warn: TopSitesFeed: Failed to fetch data from Contile server: NetworkError when attempting to fetch resource.
" "localhost" "-no-remote" "-profile" "C:\\Users\\Vigne\\AppData\\Local\\Temp\\rust_mozprofile70w0xV"
1657981333495	Marionette	INFO	Marionette enabled
1657981333500	Marionette	INFO	Listening on port 53639
WebDriver BiDi listening on ws://localhost:53629
Read port: 53639
1657981333693	RemoteAgent	WARN	TLS certificate errors will be ignored for this session
console.warn: SearchSettings: "get: No settings file exists, new profile?" (new NotFoundError("Could not open the file at C:\\Users\\Vigne\\AppData\\Local\\Temp\\rust_mozprofile70w0xV\\search.json.mozlz4", (void 0)))
DevTools listening on ws://localhost:53629/devtools/browser/533011bc-f5cd-48d1-bc9f-e095ad2076f0
JavaScript warning: https://www.redbus.in/javascripts/layout.f6dadaeaadf3557ee5aa.bundle.js?root=rbus, line 1: WEBGL_debug_renderer_info is deprecated in Firefox and will be removed. Please use RENDERER.
JavaScript warning: https://www.redbus.in/javascripts/layout.f6dadaeaadf3557ee5aa.bundle.js?root=rbus, line 1: WEBGL_debug_renderer_info is deprecated in Firefox and will be removed. Please use RENDERER.
JavaScript error: https://cdn-jp.gsecondscreen.com/static/ta.min.js, line 1: TypeError: p.onevent is undefined
JavaScript error: , line 0: NS_ERROR_NOT_AVAILABLE
1657982119061	Marionette	INFO	Stopped listening on port 53639
console.warn: TopSitesFeed: Failed to fetch data from Contile server: NetworkError when attempting to fetch resource.
[Parent 9980, IPC I/O Parent] WARNING: file /builds/worker/checkouts/gecko/ipc/chromium/src/base/process_util_win.cc:167
ette	INFO	Marionette enabled
1657981371755	Marionette	INFO	Listening on port 53765
WebDriver BiDi listening on ws://localhost:53754
Read port: 53765
1657981371949	RemoteAgent	WARN	TLS certificate errors will be ignored for this session
console.warn: SearchSettings: "get: No settings file exists, new profile?" (new NotFoundError("Could not open the file at C:\\Users\\Vigne\\AppData\\Local\\Temp\\rust_mozprofileQvDkiA\\search.json.mozlz4", (void 0)))
DevTools listening on ws://localhost:53754/devtools/browser/e0457376-6194-42b4-9deb-299e2d3dc4ac
JavaScript warning: https://www.redbus.in/javascripts/layout.f6dadaeaadf3557ee5aa.bundle.js?root=rbus, line 1: WEBGL_debug_renderer_info is deprecated in Firefox and will be removed. Please use RENDERER.
JavaScript warning: https://www.redbus.in/javascripts/layout.f6dadaeaadf3557ee5aa.bundle.js?root=rbus, line 1: WEBGL_debug_renderer_info is deprecated in Firefox and will be removed. Please use RENDERER.
JavaScript error: https://cdn-jp.gsecondscreen.com/static/ta.min.js, line 1: TypeError: p.onevent is undefined
1657982117977	Marionette	INFO	Stopped listening on port 53765
console.warn: TopSitesFeed: Failed to fetch data from Contile server: NetworkError when attempting to fetch resource.
remote-debugging-port" "53903" "--remote-allow-hosts" "localhost" "-no-remote" "-profile" "C:\\Users\\Vigne\\AppData\\Local\\Temp\\rust_mozprofiler8YMht"
1657981465165	Marionette	INFO	Marionette enabled
1657981465171	Marionette	INFO	Listening on port 53913
WebDriver BiDi listening on ws://localhost:53903
Read port: 53913
1657981465393	RemoteAgent	WARN	TLS certificate errors will be ignored for this session
console.warn: SearchSettings: "get: No settings file exists, new profile?" (new NotFoundError("Could not open the file at C:\\Users\\Vigne\\AppData\\Local\\Temp\\rust_mozprofiler8YMht\\search.json.mozlz4", (void 0)))
DevTools listening on ws://localhost:53903/devtools/browser/96b568b8-f6c5-4c53-a452-7ec3ee837ee9
JavaScript warning: https://www.redbus.in/javascripts/layout.f6dadaeaadf3557ee5aa.bundle.js?root=rbus, line 1: WEBGL_debug_renderer_info is deprecated in Firefox and will be removed. Please use RENDERER.
JavaScript warning: https://www.redbus.in/javascripts/layout.f6dadaeaadf3557ee5aa.bundle.js?root=rbus, line 1: WEBGL_debug_renderer_info is deprecated in Firefox and will be removed. Please use RENDERER.
JavaScript error: https://cdn-jp.gsecondscreen.com/static/ta.min.js, line 1: TypeError: p.onevent is undefined
1657982116901	Marionette	INFO	Stopped listening on port 53913
console.warn: TopSitesFeed: Failed to fetch data from Contile server: NetworkError when attempting to fetch resource.
remote-debugging-port" "54313" "--remote-allow-hosts" "localhost" "-no-remote" "-profile" "C:\\Users\\Vigne\\AppData\\Local\\Temp\\rust_mozprofilem3D8Oj"
1657981870609	Marionette	INFO	Marionette enabled
1657981870615	Marionette	INFO	Listening on port 54323
WebDriver BiDi listening on ws://localhost:54313
Read port: 54323
1657981870807	RemoteAgent	WARN	TLS certificate errors will be ignored for this session
console.warn: SearchSettings: "get: No settings file exists, new profile?" (new NotFoundError("Could not open the file at C:\\Users\\Vigne\\AppData\\Local\\Temp\\rust_mozprofilem3D8Oj\\search.json.mozlz4", (void 0)))
DevTools listening on ws://localhost:54313/devtools/browser/b5a70c04-b1cb-4b71-aa57-8488992983cf
JavaScript warning: https://www.redbus.in/javascripts/layout.f6dadaeaadf3557ee5aa.bundle.js?root=rbus, line 1: WEBGL_debug_renderer_info is deprecated in Firefox and will be removed. Please use RENDERER.
JavaScript warning: https://www.redbus.in/javascripts/layout.f6dadaeaadf3557ee5aa.bundle.js?root=rbus, line 1: WEBGL_debug_renderer_info is deprecated in Firefox and will be removed. Please use RENDERER.
JavaScript error: https://cdn-jp.gsecondscreen.com/static/ta.min.js, line 1: TypeError: p.onevent is undefined
1657981919186	Marionette	INFO	Stopped listening on port 54323
console.warn: TopSitesFeed: Failed to fetch data from Contile server: NetworkError when attempting to fetch resource.
1657981956682	geckodriver	INFO	Listening on 127.0.0.1:54461
1657981959772	mozrunner::runner	INFO	Running command: "C:\\Program Files\\Mozilla Firefox\\firefox.exe" "--marionette" "--remote-debugging-port" "54462" "--remote-allow-hosts" "localhost" "-no-remote" "-profile" "C:\\Users\\Vigne\\AppData\\Local\\Temp\\rust_mozprofilerJp98X"
1657981960135	Marionette	INFO	Marionette enabled
1657981960140	Marionette	INFO	Listening on port 54472
WebDriver BiDi listening on ws://localhost:54462
Read port: 54472
1657981960356	RemoteAgent	WARN	TLS certificate errors will be ignored for this session
console.warn: SearchSettings: "get: No settings file exists, new profile?" (new NotFoundError("Could not open the file at C:\\Users\\Vigne\\AppData\\Local\\Temp\\rust_mozprofilerJp98X\\search.json.mozlz4", (void 0)))
DevTools listening on ws://localhost:54462/devtools/browser/aabfb344-ad16-4791-a410-02de943d05cd
JavaScript error: https://www.goibibo.com/bus/, line 286: SyntaxError: missing ] after element list
JavaScript note: https://www.goibibo.com/bus/, line 286: [ opened at line 286, column 25
1657981964749	Marionette	WARN	Ignoring event 'pageshow' because document has an invalid readyState of 'interactive'.
console.warn: LoginRecipes: "getRecipes: falling back to a synchronous message for:" "https://www.goibibo.com"
JavaScript warning: https://www.goibibo.com/kdBVygS84_/eG/-IqikUow/aSfuwSQL/IXh6AQ/Rj/siYmlfWCk, line 1: WEBGL_debug_renderer_info is deprecated in Firefox and will be removed. Please use RENDERER.
1657982115841	Marionette	INFO	Stopped listening on port 54472
console.warn: TopSitesFeed: Failed to fetch data from Contile server: NetworkError when attempting to fetch resource.
[Parent 476, IPC I/O Parent] WARNING: file /builds/worker/checkouts/gecko/ipc/chromium/src/base/process_util_win.cc:167
al\\Temp\\rust_mozprofileELMx4c"
1657982007727	Marionette	INFO	Marionette enabled
1657982007733	Marionette	INFO	Listening on port 54603
WebDriver BiDi listening on ws://localhost:54590
Read port: 54603
1657982007926	RemoteAgent	WARN	TLS certificate errors will be ignored for this session
console.warn: SearchSettings: "get: No settings file exists, new profile?" (new NotFoundError("Could not open the file at C:\\Users\\Vigne\\AppData\\Local\\Temp\\rust_mozprofileELMx4c\\search.json.mozlz4", (void 0)))
DevTools listening on ws://localhost:54590/devtools/browser/65d49ee4-a5e6-4113-8f04-8239d0ed31de
JavaScript error: https://www.goibibo.com/bus/, line 286: SyntaxError: missing ] after element list
JavaScript note: https://www.goibibo.com/bus/, line 286: [ opened at line 286, column 25
1657982011916	Marionette	WARN	Ignoring event 'pageshow' because document has an invalid readyState of 'interactive'.
JavaScript warning: https://www.goibibo.com/kdBVygS84_/eG/-IqikUow/aSfuwSQL/IXh6AQ/Rj/siYmlfWCk, line 1: WEBGL_debug_renderer_info is deprecated in Firefox and will be removed. Please use RENDERER.
1657982114701	Marionette	INFO	Stopped listening on port 54603
console.warn: TopSitesFeed: Failed to fetch data from Contile server: NetworkError when attempting to fetch resource.
1657983961880	geckodriver	INFO	Listening on 127.0.0.1:55708
1657983964939	mozrunner::runner	INFO	Running command: "C:\\Program Files\\Mozilla Firefox\\firefox.exe" "--marionette" "--remote-debugging-port" "55709" "--remote-allow-hosts" "localhost" "-no-remote" "-profile" "C:\\Users\\Vigne\\AppData\\Local\\Temp\\rust_mozprofileoC2gHn"
1657983965326	Marionette	INFO	Marionette enabled
1657983965332	Marionette	INFO	Listening on port 55720
WebDriver BiDi listening on ws://localhost:55709
Read port: 55720
1657983965521	RemoteAgent	WARN	TLS certificate errors will be ignored for this session
console.warn: SearchSettings: "get: No settings file exists, new profile?" (new NotFoundError("Could not open the file at C:\\Users\\Vigne\\AppData\\Local\\Temp\\rust_mozprofileoC2gHn\\search.json.mozlz4", (void 0)))
DevTools listening on ws://localhost:55709/devtools/browser/6d1abffc-e0f8-4d84-8549-9bfdde587b9b
console.warn: LoginRecipes: "getRecipes: falling back to a synchronous message for:" "https://www.irctc.co.in"
JavaScript error: https://s0.2mdn.net/dfp/1802824/4638801769/1654523382194/index.html, line 273: TypeError: studio.Enabler is undefined
JavaScript warning: https://pagead2.googlesyndication.com/bg/ScuHrLJSuMz-P8UpD_WVXyUZt188tH6pyCCWmvqBSxI.js line 2 > eval line 5471 > eval line 1 > eval line 1 > eval, line 1: WEBGL_debug_renderer_info is deprecated in Firefox and will be removed. Please use RENDERER.
JavaScript warning: https://pagead2.googlesyndication.com/bg/ScuHrLJSuMz-P8UpD_WVXyUZt188tH6pyCCWmvqBSxI.js line 2 > eval line 5768 > eval line 1 > eval line 1 > eval, line 1: WEBGL_debug_renderer_info is deprecated in Firefox and will be removed. Please use RENDERER.
JavaScript warning: https://pagead2.googlesyndication.com/bg/ScuHrLJSuMz-P8UpD_WVXyUZt188tH6pyCCWmvqBSxI.js line 2 > eval line 3632 > eval line 1 > eval line 1 > eval, line 1: WEBGL_debug_renderer_info is deprecated in Firefox and will be removed. Please use RENDERER.
JavaScript warning: https://pagead2.googlesyndication.com/bg/ScuHrLJSuMz-P8UpD_WVXyUZt188tH6pyCCWmvqBSxI.js line 2 > eval line 1767 > eval line 1 > eval line 1 > eval, line 1: WEBGL_debug_renderer_info is deprecated in Firefox and will be removed. Please use RENDERER.
1657987528127	Marionette	INFO	Stopped listening on port 55720
JavaScript error: , line 0: TypeError: NetworkError when attempting to fetch resource.
JavaScript error: , line 0: TypeError: NetworkError when attempting to fetch resource.
JavaScript error: , line 0: TypeError: NetworkError when attempting to fetch resource.
JavaScript error: , line 0: TypeError: NetworkError when attempting to fetch resource.
JavaScript error: , line 0: TypeError: NetworkError when attempting to fetch resource.
JavaScript error: , line 0: TypeError: NetworkError when attempting to fetch resource.
console.warn: TopSitesFeed: Failed to fetch data from Contile server: NetworkError when attempting to fetch resource.
file at C:\\Users\\Vigne\\AppData\\Local\\Temp\\rust_mozprofileIjMucb\\search.json.mozlz4", (void 0)))
DevTools listening on ws://localhost:55856/devtools/browser/fe8e6e92-c6d7-491b-8bfa-56197edbb81b
JavaScript error: https://s0.2mdn.net/dfp/1802824/4638801769/1654523382194/index.html, line 273: TypeError: studio.Enabler is undefined
JavaScript warning: https://pagead2.googlesyndication.com/bg/ScuHrLJSuMz-P8UpD_WVXyUZt188tH6pyCCWmvqBSxI.js line 2 > eval line 4461 > eval line 1 > eval line 1 > eval, line 1: WEBGL_debug_renderer_info is deprecated in Firefox and will be removed. Please use RENDERER.
JavaScript warning: https://pagead2.googlesyndication.com/bg/ScuHrLJSuMz-P8UpD_WVXyUZt188tH6pyCCWmvqBSxI.js line 2 > eval line 3978 > eval line 1 > eval line 1 > eval, line 1: WEBGL_debug_renderer_info is deprecated in Firefox and will be removed. Please use RENDERER.
console.warn: LoginRecipes: "getRecipes: falling back to a synchronous message for:" "https://www.irctc.co.in"
JavaScript error: , line 0: TypeError: NetworkError when attempting to fetch resource.
JavaScript error: https://s0.2mdn.net/dfp/1802824/4638801769/1654523382194/index.html, line 273: TypeError: studio.Enabler is undefined
JavaScript warning: https://pagead2.googlesyndication.com/bg/ScuHrLJSuMz-P8UpD_WVXyUZt188tH6pyCCWmvqBSxI.js line 2 > eval line 3967 > eval line 1 > eval line 1 > eval, line 1: WEBGL_debug_renderer_info is deprecated in Firefox and will be removed. Please use RENDERER.
1657987526971	Marionette	INFO	Stopped listening on port 55867
console.warn: TopSitesFeed: Failed to fetch data from Contile server: NetworkError when attempting to fetch resource.
JavaScript error: , line 0: TypeError: NetworkError when attempting to fetch resource.
JavaScript error: , line 0: TypeError: NetworkError when attempting to fetch resource.
JavaScript error: , line 0: TypeError: NetworkError when attempting to fetch resource.
JavaScript error: , line 0: TypeError: NetworkError when attempting to fetch resource.
JavaScript error: , line 0: TypeError: NetworkError when attempting to fetch resource.
JavaScript error: resource://gre/modules/AsyncShutdown.jsm, line 718: Error: Phase "Sqlite.jsm: wait until all connections are closed" is finished, it is too late to register completion condition "protections.sqlite#0: waiting for shutdown"
s/browser/db09b394-58d8-46c3-ba62-afaf1a733390
JavaScript warning: https://pagead2.googlesyndication.com/bg/ScuHrLJSuMz-P8UpD_WVXyUZt188tH6pyCCWmvqBSxI.js line 2 > eval line 4267 > eval line 1 > eval line 1 > eval, line 1: WEBGL_debug_renderer_info is deprecated in Firefox and will be removed. Please use RENDERER.
JavaScript warning: https://pagead2.googlesyndication.com/bg/ScuHrLJSuMz-P8UpD_WVXyUZt188tH6pyCCWmvqBSxI.js line 2 > eval line 2461 > eval line 1 > eval line 1 > eval, line 1: WEBGL_debug_renderer_info is deprecated in Firefox and will be removed. Please use RENDERER.
JavaScript warning: https://pagead2.googlesyndication.com/bg/ScuHrLJSuMz-P8UpD_WVXyUZt188tH6pyCCWmvqBSxI.js line 2 > eval line 3402 > eval line 1 > eval line 1 > eval, line 1: WEBGL_debug_renderer_info is deprecated in Firefox and will be removed. Please use RENDERER.
JavaScript warning: https://pagead2.googlesyndication.com/bg/ScuHrLJSuMz-P8UpD_WVXyUZt188tH6pyCCWmvqBSxI.js line 2 > eval line 148 > eval line 1 > eval line 1 > eval, line 1: WEBGL_debug_renderer_info is deprecated in Firefox and will be removed. Please use RENDERER.
1657987525455	Marionette	INFO	Stopped listening on port 56129
console.warn: TopSitesFeed: Failed to fetch data from Contile server: NetworkError when attempting to fetch resource.
JavaScript error: , line 0: TypeError: NetworkError when attempting to fetch resource.
JavaScript error: , line 0: TypeError: NetworkError when attempting to fetch resource.
JavaScript error: , line 0: TypeError: NetworkError when attempting to fetch resource.
JavaScript error: , line 0: TypeError: NetworkError when attempting to fetch resource.
JavaScript error: , line 0: TypeError: NetworkError when attempting to fetch resource.
JavaScript error: , line 0: TypeError: NetworkError when attempting to fetch resource.
JavaScript error: resource://gre/modules/Sqlite.jsm, line 1105: Error: Sqlite.jsm has been shutdown. Cannot open connection to: C:\Users\Vigne\AppData\Local\Temp\rust_mozprofileBzNBft\protections.sqlite
nsole.warn: LoginRecipes: "getRecipes: falling back to a synchronous message for:" "https://www.irctc.co.in"
JavaScript warning: https://pagead2.googlesyndication.com/bg/ScuHrLJSuMz-P8UpD_WVXyUZt188tH6pyCCWmvqBSxI.js line 2 > eval line 471 > eval line 1 > eval line 1 > eval, line 1: WEBGL_debug_renderer_info is deprecated in Firefox and will be removed. Please use RENDERER.
JavaScript error: https://s0.2mdn.net/dfp/1802824/4638801769/1654523382194/index.html, line 273: TypeError: studio.Enabler is undefined
JavaScript warning: https://pagead2.googlesyndication.com/bg/ScuHrLJSuMz-P8UpD_WVXyUZt188tH6pyCCWmvqBSxI.js line 2 > eval line 5728 > eval line 1 > eval line 1 > eval, line 1: WEBGL_debug_renderer_info is deprecated in Firefox and will be removed. Please use RENDERER.
JavaScript warning: https://pagead2.googlesyndication.com/bg/ScuHrLJSuMz-P8UpD_WVXyUZt188tH6pyCCWmvqBSxI.js line 2 > eval line 1816 > eval line 1 > eval line 1 > eval, line 1: WEBGL_debug_renderer_info is deprecated in Firefox and will be removed. Please use RENDERER.
JavaScript warning: https://pagead2.googlesyndication.com/bg/ScuHrLJSuMz-P8UpD_WVXyUZt188tH6pyCCWmvqBSxI.js line 2 > eval line 3834 > eval line 1 > eval line 1 > eval, line 1: WEBGL_debug_renderer_info is deprecated in Firefox and will be removed. Please use RENDERER.
1657987524326	Marionette	INFO	Stopped listening on port 56308
JavaScript error: resource://gre/modules/Sqlite.jsm, line 1105: Error: Sqlite.jsm has been shutdown. Cannot open connection to: C:\Users\Vigne\AppData\Local\Temp\rust_mozprofilepf86Yf\protections.sqlite
JavaScript error: , line 0: TypeError: NetworkError when attempting to fetch resource.
JavaScript error: , line 0: TypeError: NetworkError when attempting to fetch resource.
JavaScript error: , line 0: TypeError: NetworkError when attempting to fetch resource.
JavaScript error: , line 0: TypeError: NetworkError when attempting to fetch resource.
JavaScript error: , line 0: TypeError: NetworkError when attempting to fetch resource.
JavaScript error: , line 0: TypeError: NetworkError when attempting to fetch resource.
zlz4", (void 0)))
DevTools listening on ws://localhost:56579/devtools/browser/a49d308a-17c6-4b5b-a1b5-b37cf015ca40
console.warn: LoginRecipes: "getRecipes: falling back to a synchronous message for:" "https://www.irctc.co.in"
JavaScript warning: https://pagead2.googlesyndication.com/bg/ScuHrLJSuMz-P8UpD_WVXyUZt188tH6pyCCWmvqBSxI.js line 2 > eval line 3174 > eval line 1 > eval line 1 > eval, line 1: WEBGL_debug_renderer_info is deprecated in Firefox and will be removed. Please use RENDERER.
JavaScript warning: https://pagead2.googlesyndication.com/bg/ScuHrLJSuMz-P8UpD_WVXyUZt188tH6pyCCWmvqBSxI.js line 2 > eval line 4394 > eval line 1 > eval line 1 > eval, line 1: WEBGL_debug_renderer_info is deprecated in Firefox and will be removed. Please use RENDERER.
JavaScript warning: https://pagead2.googlesyndication.com/bg/ScuHrLJSuMz-P8UpD_WVXyUZt188tH6pyCCWmvqBSxI.js line 2 > eval line 7729 > eval line 1 > eval line 1 > eval, line 1: WEBGL_debug_renderer_info is deprecated in Firefox and will be removed. Please use RENDERER.
JavaScript warning: https://pagead2.googlesyndication.com/bg/ScuHrLJSuMz-P8UpD_WVXyUZt188tH6pyCCWmvqBSxI.js line 2 > eval line 3712 > eval line 1 > eval line 1 > eval, line 1: WEBGL_debug_renderer_info is deprecated in Firefox and will be removed. Please use RENDERER.
1657987523091	Marionette	INFO	Stopped listening on port 56591
console.warn: TopSitesFeed: Failed to fetch data from Contile server: NetworkError when attempting to fetch resource.
JavaScript error: resource://gre/modules/Sqlite.jsm, line 1105: Error: Sqlite.jsm has been shutdown. Cannot open connection to: C:\Users\Vigne\AppData\Local\Temp\rust_mozprofileDFJKgc\protections.sqlite
JavaScript error: , line 0: TypeError: NetworkError when attempting to fetch resource.
JavaScript error: , line 0: TypeError: NetworkError when attempting to fetch resource.
JavaScript error: , line 0: TypeError: NetworkError when attempting to fetch resource.
JavaScript error: , line 0: TypeError: NetworkError when attempting to fetch resource.
JavaScript error: , line 0: TypeError: NetworkError when attempting to fetch resource.
JavaScript error: , line 0: TypeError: NetworkError when attempting to fetch resource.
